<?xml version="1.0" encoding="UTF-8"?>
<!-- Generated by org.testng.reporters.JUnitXMLReporter -->
<testsuite hostname="DESKTOP-Q71IO9G" ignored="0" name="Default test" tests="3" failures="0" timestamp="26 Dec 2018 03:34:28 GMT" time="47.562" errors="0">
  <testcase name="basePageNavigation" time="10.605" classname="Academy.HomePage"/>
  <testcase name="basePageNavigation" time="0.858" classname="Academy.HomePage"/>
  <testcase name="basePageNavigation" time="0.865" classname="Academy.HomePage"/>
</testsuite> <!-- Default test -->
