<?xml version="1.0" encoding="UTF-8"?>
<!-- Generated by org.testng.reporters.JUnitXMLReporter -->
<testsuite hostname="DESKTOP-Q71IO9G" ignored="0" name="Test" tests="5" failures="0" timestamp="26 Dec 2018 03:36:07 GMT" time="87.762" errors="0">
  <testcase name="validateTitleTest" time="0.41" classname="Academy.validateTitle"/>
  <testcase name="validateContact" time="0.109" classname="Academy.validateNavigationBar"/>
  <testcase name="basePageNavigation" time="17.584" classname="Academy.HomePage"/>
  <testcase name="basePageNavigation" time="2.525" classname="Academy.HomePage"/>
  <testcase name="basePageNavigation" time="1.215" classname="Academy.HomePage"/>
</testsuite> <!-- Test -->
