<?xml version="1.0" encoding="UTF-8"?>
<!-- Generated by org.testng.reporters.JUnitXMLReporter -->
<testsuite hostname="DESKTOP-Q71IO9G" ignored="0" name="Test2" tests="3" failures="0" timestamp="29 Dec 2018 09:07:09 GMT" time="35.495" errors="0">
  <testcase name="basePageNavigation" time="8.617" classname="Academy.HomePage"/>
  <testcase name="basePageNavigation" time="1.759" classname="Academy.HomePage"/>
  <testcase name="basePageNavigation" time="0.819" classname="Academy.HomePage"/>
</testsuite> <!-- Test2 -->
