<?xml version="1.0" encoding="UTF-8"?>
<!-- Generated by org.testng.reporters.JUnitXMLReporter -->
<testsuite hostname="DESKTOP-Q71IO9G" ignored="0" name="Test" tests="5" failures="0" timestamp="27 Dec 2018 18:00:55 GMT" time="68.733" errors="0">
  <testcase name="validateTitleTest" time="0.6" classname="Academy.validateTitle"/>
  <testcase name="validateContact" time="0.274" classname="Academy.validateNavigationBar"/>
  <testcase name="basePageNavigation" time="13.926" classname="Academy.HomePage"/>
  <testcase name="basePageNavigation" time="1.755" classname="Academy.HomePage"/>
  <testcase name="basePageNavigation" time="2.768" classname="Academy.HomePage"/>
</testsuite> <!-- Test -->
