<?xml version="1.0" encoding="UTF-8"?>
<!-- Generated by org.testng.reporters.JUnitXMLReporter -->
<testsuite hostname="DESKTOP-Q71IO9G" ignored="0" name="Test2" tests="3" failures="0" timestamp="31 Dec 2018 08:22:26 GMT" time="39.913" errors="0">
  <testcase name="basePageNavigation" time="8.604" classname="Academy.HomePage"/>
  <testcase name="basePageNavigation" time="1.305" classname="Academy.HomePage"/>
  <testcase name="basePageNavigation" time="0.67" classname="Academy.HomePage"/>
</testsuite> <!-- Test2 -->
